2025-02-22 02:15:31 | INFO | speaker_diarization:diarize:14 - Starting speaker diarization for file: tinlin.mp3
2025-02-22 02:15:31 | ERROR | speaker_diarization:diarize:76 - Error in speaker Diarization : Hugging Face token not found in environment variables.
Traceback (most recent call last):

  File "/home/akshay/Desktop/MLops1/P2/SpeechRecognitionProject/main.py", line 131, in <module>
    main()
    └ <function main at 0x784c9ddda5c0>

  File "/home/akshay/Desktop/MLops1/P2/SpeechRecognitionProject/main.py", line 35, in main
    diarization_results = diarize(diarization_input)
                          │       └ DiarizeInput(audio_file='tinlin.mp3')
                          └ <function diarize at 0x784b999ac2c0>

> File "/home/akshay/Desktop/MLops1/P2/SpeechRecognitionProject/call_processor_modules/speaker_diarization.py", line 18, in diarize
    raise ValueError("Hugging Face token not found in environment variables.")

ValueError: Hugging Face token not found in environment variables.
2025-02-22 02:17:40 | INFO | speaker_diarization:diarize:14 - Starting speaker diarization for file: tinlin.mp3
2025-02-22 02:17:55 | INFO | speaker_diarization:diarize:22 - Pipeline loaded and moved to cpu
2025-02-22 02:19:25 | INFO | speaker_diarization:diarize:34 - Identified 5 speaker segments
2025-02-22 02:19:25 | WARNING | speaker_diarization:diarize:64 - Speaking ratio: N/A (only one speaker detected)
2025-02-22 02:19:25 | INFO | speaker_diarization:diarize:65 - Interruptions count: 0
2025-02-22 02:19:25 | INFO | speaker_diarization:diarize:66 - Time to first token: 0.03096875
2025-02-22 02:19:25 | INFO | transcription:transcribe_audio_segment:12 - Starting transcription for file: tinlin.mp3
2025-02-22 02:19:29 | INFO | transcription:transcribe_audio_segment:23 - Using full audio file for transcription.
2025-02-22 02:19:29 | INFO | transcription:transcribe_audio_segment:28 - Temporary WAV file created: temp_segment.wav
2025-02-22 02:19:33 | INFO | transcription:transcribe_audio_segment:35 - Temporary file deleted: temp_segment.wav
2025-02-22 02:19:33 | INFO | transcription:transcribe_audio_segment:39 - Transcription successful:  Hello, refund the headphones, okay? Listen to you...
2025-02-22 02:19:33 | INFO | pii_check:check_pii:22 - Starting PII detection.
2025-02-22 02:19:33 | INFO | pii_check:check_pii:38 - No PII detected in the transcribed text.
2025-02-22 02:19:33 | INFO | profanity_check:check_profanity:11 - Starting profanity check.
2025-02-22 02:19:33 | WARNING | profanity_check:check_profanity:17 - Profanity detected in the text.
2025-02-22 02:19:33 | INFO | required_phrases:check_required_phrases:17 - Starting required phrases check.
2025-02-22 02:19:33 | INFO | required_phrases:check_required_phrases:26 - Required phrases found: ['hello']
2025-02-22 02:19:33 | INFO | categorize_call:categorize:18 - Starting call categorization.
2025-02-22 02:19:33 | INFO | categorize_call:categorize:27 - Detected category counts: {'Billing Issues': 1, 'Complaints': 1}
2025-02-22 02:19:33 | INFO | categorize_call:categorize:36 - Categorized call as: Billing Issues
2025-02-22 02:19:33 | INFO | sentiment_analysis:analyse_sentiment:17 - Starting sentiment analysis.
2025-02-22 02:19:33 | INFO | sentiment_analysis:analyse_sentiment:23 - Sentiment Analysis Results - Polarity: -0.03, Subjectivity: 0.48
2025-02-22 02:26:59 | INFO | speaker_diarization:diarize:14 - Starting speaker diarization for file: tinlin.mp3
2025-02-22 02:27:09 | INFO | speaker_diarization:diarize:22 - Pipeline loaded and moved to cpu
2025-02-22 02:28:32 | INFO | speaker_diarization:diarize:34 - Identified 5 speaker segments
2025-02-22 02:28:32 | WARNING | speaker_diarization:diarize:64 - Speaking ratio: N/A (only one speaker detected)
2025-02-22 02:28:32 | INFO | speaker_diarization:diarize:65 - Interruptions count: 0
2025-02-22 02:28:32 | INFO | speaker_diarization:diarize:66 - Time to first token: 0.03096875
2025-02-22 02:28:32 | INFO | transcription:transcribe_audio_segment:12 - Starting transcription for file: tinlin.mp3
2025-02-22 02:28:32 | INFO | transcription:transcribe_audio_segment:23 - Using full audio file for transcription.
2025-02-22 02:28:32 | INFO | transcription:transcribe_audio_segment:28 - Temporary WAV file created: temp_segment.wav
2025-02-22 02:28:35 | INFO | transcription:transcribe_audio_segment:35 - Temporary file deleted: temp_segment.wav
2025-02-22 02:28:35 | INFO | transcription:transcribe_audio_segment:39 - Transcription successful:  Hello, refund the headphones, okay? Listen to you...
2025-02-22 02:28:35 | INFO | pii_check:check_pii:22 - Starting PII detection.
2025-02-22 02:28:35 | INFO | pii_check:check_pii:38 - No PII detected in the transcribed text.
2025-02-22 02:28:35 | INFO | profanity_check:check_profanity:11 - Starting profanity check.
2025-02-22 02:28:35 | WARNING | profanity_check:check_profanity:17 - Profanity detected in the text.
2025-02-22 02:28:35 | INFO | required_phrases:check_required_phrases:17 - Starting required phrases check.
2025-02-22 02:28:35 | INFO | required_phrases:check_required_phrases:26 - Required phrases found: ['hello']
2025-02-22 02:28:35 | INFO | categorize_call:categorize:18 - Starting call categorization.
2025-02-22 02:28:35 | INFO | categorize_call:categorize:27 - Detected category counts: {'Billing Issues': 1, 'Complaints': 1}
2025-02-22 02:28:35 | INFO | categorize_call:categorize:36 - Categorized call as: Billing Issues
2025-02-22 02:28:35 | INFO | sentiment_analysis:analyse_sentiment:17 - Starting sentiment analysis.
2025-02-22 02:28:36 | INFO | sentiment_analysis:analyse_sentiment:23 - Sentiment Analysis Results - Polarity: -0.03, Subjectivity: 0.48
2025-02-22 02:28:36 | INFO | transcription:transcribe_audio_segment:12 - Starting transcription for file: tinlin.mp3
2025-02-22 02:28:36 | INFO | transcription:transcribe_audio_segment:20 - Extracted segment from 0.03096875s to 2.5115937500000003s
2025-02-22 02:28:36 | INFO | transcription:transcribe_audio_segment:28 - Temporary WAV file created: temp_segment.wav
2025-02-22 02:28:37 | INFO | transcription:transcribe_audio_segment:35 - Temporary file deleted: temp_segment.wav
2025-02-22 02:28:37 | INFO | transcription:transcribe_audio_segment:39 - Transcription successful:  Hello, refund the headphones, okay?...
2025-02-22 02:28:37 | INFO | transcription:transcribe_audio_segment:12 - Starting transcription for file: tinlin.mp3
2025-02-22 02:28:37 | INFO | transcription:transcribe_audio_segment:20 - Extracted segment from 4.334093750000001s to 12.079718750000001s
2025-02-22 02:28:37 | INFO | transcription:transcribe_audio_segment:28 - Temporary WAV file created: temp_segment.wav
2025-02-22 02:28:38 | INFO | transcription:transcribe_audio_segment:35 - Temporary file deleted: temp_segment.wav
2025-02-22 02:28:38 | INFO | transcription:transcribe_audio_segment:39 - Transcription successful:  Listen here buddy, my sister wants her stupid hea...
2025-02-22 02:28:38 | INFO | transcription:transcribe_audio_segment:12 - Starting transcription for file: tinlin.mp3
2025-02-22 02:28:38 | INFO | transcription:transcribe_audio_segment:20 - Extracted segment from 13.379093750000003s to 20.550968750000003s
2025-02-22 02:28:38 | INFO | transcription:transcribe_audio_segment:28 - Temporary WAV file created: temp_segment.wav
2025-02-22 02:28:40 | INFO | transcription:transcribe_audio_segment:35 - Temporary file deleted: temp_segment.wav
2025-02-22 02:28:40 | INFO | transcription:transcribe_audio_segment:39 - Transcription successful:  Can you put the manager on please? Is this the ma...
2025-02-22 02:28:40 | INFO | transcription:transcribe_audio_segment:12 - Starting transcription for file: tinlin.mp3
2025-02-22 02:28:40 | INFO | transcription:transcribe_audio_segment:20 - Extracted segment from 21.20909375s to 36.41346875s
2025-02-22 02:28:40 | INFO | transcription:transcribe_audio_segment:28 - Temporary WAV file created: temp_segment.wav
2025-02-22 02:28:41 | INFO | transcription:transcribe_audio_segment:35 - Temporary file deleted: temp_segment.wav
2025-02-22 02:28:41 | INFO | transcription:transcribe_audio_segment:39 - Transcription successful:  I have a guarantee it says you must give me a ref...
2025-02-22 02:28:41 | INFO | transcription:transcribe_audio_segment:12 - Starting transcription for file: tinlin.mp3
2025-02-22 02:28:42 | INFO | transcription:transcribe_audio_segment:20 - Extracted segment from 37.05471875s to 41.610968750000005s
2025-02-22 02:28:42 | INFO | transcription:transcribe_audio_segment:28 - Temporary WAV file created: temp_segment.wav
2025-02-22 02:28:43 | INFO | transcription:transcribe_audio_segment:35 - Temporary file deleted: temp_segment.wav
2025-02-22 02:28:43 | INFO | transcription:transcribe_audio_segment:39 - Transcription successful:  No, no, no! Reef on the headphones now!...
2025-02-22 02:37:04 | INFO | speaker_diarization:diarize:14 - Starting speaker diarization for file: tinlin.mp3
2025-02-22 02:37:10 | INFO | speaker_diarization:diarize:22 - Pipeline loaded and moved to cpu
2025-02-22 02:38:29 | INFO | speaker_diarization:diarize:34 - Identified 5 speaker segments
2025-02-22 02:38:29 | WARNING | speaker_diarization:diarize:64 - Speaking ratio: N/A (only one speaker detected)
2025-02-22 02:38:29 | INFO | speaker_diarization:diarize:65 - Interruptions count: 0
2025-02-22 02:38:29 | INFO | speaker_diarization:diarize:66 - Time to first token: 0.03096875
2025-02-22 02:38:29 | INFO | transcription:transcribe_audio_segment:12 - Starting transcription for file: tinlin.mp3
2025-02-22 02:38:29 | INFO | transcription:transcribe_audio_segment:23 - Using full audio file for transcription.
2025-02-22 02:38:29 | INFO | transcription:transcribe_audio_segment:28 - Temporary WAV file created: temp_segment.wav
2025-02-22 02:38:32 | INFO | transcription:transcribe_audio_segment:35 - Temporary file deleted: temp_segment.wav
2025-02-22 02:38:32 | INFO | transcription:transcribe_audio_segment:39 - Transcription successful:  Hello, refund the headphones, okay? Listen to you...
2025-02-22 02:38:32 | INFO | pii_check:check_pii:22 - Starting PII detection.
2025-02-22 02:38:32 | INFO | pii_check:check_pii:38 - No PII detected in the transcribed text.
2025-02-22 02:38:32 | INFO | profanity_check:check_profanity:11 - Starting profanity check.
2025-02-22 02:38:32 | WARNING | profanity_check:check_profanity:17 - Profanity detected in the text.
2025-02-22 02:38:32 | INFO | required_phrases:check_required_phrases:17 - Starting required phrases check.
2025-02-22 02:38:32 | INFO | required_phrases:check_required_phrases:26 - Required phrases found: ['hello']
2025-02-22 02:38:32 | INFO | categorize_call:categorize:18 - Starting call categorization.
2025-02-22 02:38:32 | INFO | categorize_call:categorize:27 - Detected category counts: {'Billing Issues': 1, 'Complaints': 1}
2025-02-22 02:38:32 | INFO | categorize_call:categorize:36 - Categorized call as: Billing Issues
2025-02-22 02:38:32 | INFO | sentiment_analysis:analyse_sentiment:17 - Starting sentiment analysis.
2025-02-22 02:38:33 | INFO | sentiment_analysis:analyse_sentiment:23 - Sentiment Analysis Results - Polarity: -0.03, Subjectivity: 0.48
2025-02-22 02:38:33 | INFO | transcription:transcribe_audio_segment:12 - Starting transcription for file: tinlin.mp3
2025-02-22 02:38:33 | INFO | transcription:transcribe_audio_segment:20 - Extracted segment from 0.03096875s to 2.5115937500000003s
2025-02-22 02:38:33 | INFO | transcription:transcribe_audio_segment:28 - Temporary WAV file created: temp_segment.wav
2025-02-22 02:38:34 | INFO | transcription:transcribe_audio_segment:35 - Temporary file deleted: temp_segment.wav
2025-02-22 02:38:34 | INFO | transcription:transcribe_audio_segment:39 - Transcription successful:  Hello, refund the headphones, okay?...
2025-02-22 02:41:58 | INFO | speaker_diarization:diarize:14 - Starting speaker diarization for file: tinlin.mp3
2025-02-22 02:42:06 | INFO | speaker_diarization:diarize:22 - Pipeline loaded and moved to cpu
2025-02-22 02:43:24 | INFO | speaker_diarization:diarize:34 - Identified 5 speaker segments
2025-02-22 02:43:24 | WARNING | speaker_diarization:diarize:64 - Speaking ratio: N/A (only one speaker detected)
2025-02-22 02:43:24 | INFO | speaker_diarization:diarize:65 - Interruptions count: 0
2025-02-22 02:43:24 | INFO | speaker_diarization:diarize:66 - Time to first token: 0.03096875
2025-02-22 02:43:24 | INFO | transcription:transcribe_audio_segment:12 - Starting transcription for file: tinlin.mp3
2025-02-22 02:43:24 | INFO | transcription:transcribe_audio_segment:23 - Using full audio file for transcription.
2025-02-22 02:43:24 | INFO | transcription:transcribe_audio_segment:28 - Temporary WAV file created: temp_segment.wav
2025-02-22 02:43:27 | INFO | transcription:transcribe_audio_segment:35 - Temporary file deleted: temp_segment.wav
2025-02-22 02:43:27 | INFO | transcription:transcribe_audio_segment:39 - Transcription successful:  Hello, refund the headphones, okay? Listen to you...
2025-02-22 02:43:27 | INFO | pii_check:check_pii:22 - Starting PII detection.
2025-02-22 02:43:27 | INFO | pii_check:check_pii:38 - No PII detected in the transcribed text.
2025-02-22 02:43:27 | INFO | profanity_check:check_profanity:11 - Starting profanity check.
2025-02-22 02:43:28 | WARNING | profanity_check:check_profanity:17 - Profanity detected in the text.
2025-02-22 02:43:28 | INFO | required_phrases:check_required_phrases:17 - Starting required phrases check.
2025-02-22 02:43:28 | INFO | required_phrases:check_required_phrases:26 - Required phrases found: ['hello']
2025-02-22 02:43:28 | INFO | categorize_call:categorize:18 - Starting call categorization.
2025-02-22 02:43:28 | INFO | categorize_call:categorize:27 - Detected category counts: {'Billing Issues': 1, 'Complaints': 1}
2025-02-22 02:43:28 | INFO | categorize_call:categorize:36 - Categorized call as: Billing Issues
2025-02-22 02:43:28 | INFO | sentiment_analysis:analyse_sentiment:17 - Starting sentiment analysis.
2025-02-22 02:43:28 | INFO | sentiment_analysis:analyse_sentiment:23 - Sentiment Analysis Results - Polarity: -0.03, Subjectivity: 0.48
2025-02-22 02:43:28 | INFO | transcription:transcribe_audio_segment:12 - Starting transcription for file: tinlin.mp3
2025-02-22 02:43:28 | INFO | transcription:transcribe_audio_segment:20 - Extracted segment from 0.03096875s to 2.5115937500000003s
2025-02-22 02:43:28 | INFO | transcription:transcribe_audio_segment:28 - Temporary WAV file created: temp_segment.wav
2025-02-22 02:43:29 | INFO | transcription:transcribe_audio_segment:35 - Temporary file deleted: temp_segment.wav
2025-02-22 02:43:29 | INFO | transcription:transcribe_audio_segment:39 - Transcription successful:  Hello, refund the headphones, okay?...
2025-02-22 02:47:06 | INFO | speaker_diarization:diarize:14 - Starting speaker diarization for file: tinlin.mp3
2025-02-22 02:47:13 | INFO | speaker_diarization:diarize:22 - Pipeline loaded and moved to cpu
2025-02-22 02:48:31 | INFO | speaker_diarization:diarize:34 - Identified 5 speaker segments
2025-02-22 02:48:31 | WARNING | speaker_diarization:diarize:64 - Speaking ratio: N/A (only one speaker detected)
2025-02-22 02:48:31 | INFO | speaker_diarization:diarize:65 - Interruptions count: 0
2025-02-22 02:48:31 | INFO | speaker_diarization:diarize:66 - Time to first token: 0.03096875
2025-02-22 02:48:31 | INFO | transcription:transcribe_audio_segment:12 - Starting transcription for file: tinlin.mp3
2025-02-22 02:48:31 | INFO | transcription:transcribe_audio_segment:23 - Using full audio file for transcription.
2025-02-22 02:48:31 | INFO | transcription:transcribe_audio_segment:28 - Temporary WAV file created: temp_segment.wav
2025-02-22 02:48:35 | INFO | transcription:transcribe_audio_segment:35 - Temporary file deleted: temp_segment.wav
2025-02-22 02:48:35 | INFO | transcription:transcribe_audio_segment:39 - Transcription successful:  Hello, refund the headphones, okay? Listen to you...
2025-02-22 02:48:35 | INFO | pii_check:check_pii:22 - Starting PII detection.
2025-02-22 02:48:35 | INFO | pii_check:check_pii:38 - No PII detected in the transcribed text.
2025-02-22 02:48:35 | INFO | profanity_check:check_profanity:11 - Starting profanity check.
2025-02-22 02:48:35 | WARNING | profanity_check:check_profanity:17 - Profanity detected in the text.
2025-02-22 02:48:35 | INFO | required_phrases:check_required_phrases:17 - Starting required phrases check.
2025-02-22 02:48:35 | INFO | required_phrases:check_required_phrases:26 - Required phrases found: ['hello']
2025-02-22 02:48:35 | INFO | categorize_call:categorize:18 - Starting call categorization.
2025-02-22 02:48:35 | INFO | categorize_call:categorize:27 - Detected category counts: {'Billing Issues': 1, 'Complaints': 1}
2025-02-22 02:48:35 | INFO | categorize_call:categorize:36 - Categorized call as: Billing Issues
2025-02-22 02:48:35 | INFO | sentiment_analysis:analyse_sentiment:17 - Starting sentiment analysis.
2025-02-22 02:48:35 | INFO | sentiment_analysis:analyse_sentiment:23 - Sentiment Analysis Results - Polarity: -0.03, Subjectivity: 0.48
2025-02-22 02:48:35 | INFO | transcription:transcribe_audio_segment:12 - Starting transcription for file: tinlin.mp3
2025-02-22 02:48:35 | INFO | transcription:transcribe_audio_segment:20 - Extracted segment from 0.03096875s to 2.5115937500000003s
2025-02-22 02:48:35 | INFO | transcription:transcribe_audio_segment:28 - Temporary WAV file created: temp_segment.wav
2025-02-22 02:48:36 | INFO | transcription:transcribe_audio_segment:35 - Temporary file deleted: temp_segment.wav
2025-02-22 02:48:36 | INFO | transcription:transcribe_audio_segment:39 - Transcription successful:  Hello, refund the headphones, okay?...
2025-02-22 02:48:36 | INFO | transcription:transcribe_audio_segment:12 - Starting transcription for file: tinlin.mp3
2025-02-22 02:48:36 | INFO | transcription:transcribe_audio_segment:20 - Extracted segment from 4.334093750000001s to 12.079718750000001s
2025-02-22 02:48:36 | INFO | transcription:transcribe_audio_segment:28 - Temporary WAV file created: temp_segment.wav
2025-02-22 02:48:37 | INFO | transcription:transcribe_audio_segment:35 - Temporary file deleted: temp_segment.wav
2025-02-22 02:48:37 | INFO | transcription:transcribe_audio_segment:39 - Transcription successful:  Listen here buddy, my sister wants her stupid hea...
2025-02-22 02:48:37 | INFO | transcription:transcribe_audio_segment:12 - Starting transcription for file: tinlin.mp3
2025-02-22 02:48:38 | INFO | transcription:transcribe_audio_segment:20 - Extracted segment from 13.379093750000003s to 20.550968750000003s
2025-02-22 02:48:38 | INFO | transcription:transcribe_audio_segment:28 - Temporary WAV file created: temp_segment.wav
2025-02-22 02:48:39 | INFO | transcription:transcribe_audio_segment:35 - Temporary file deleted: temp_segment.wav
2025-02-22 02:48:39 | INFO | transcription:transcribe_audio_segment:39 - Transcription successful:  Can you put the manager on please? Is this the ma...
2025-02-22 02:48:39 | INFO | transcription:transcribe_audio_segment:12 - Starting transcription for file: tinlin.mp3
2025-02-22 02:48:39 | INFO | transcription:transcribe_audio_segment:20 - Extracted segment from 21.20909375s to 36.41346875s
2025-02-22 02:48:39 | INFO | transcription:transcribe_audio_segment:28 - Temporary WAV file created: temp_segment.wav
2025-02-22 02:48:41 | INFO | transcription:transcribe_audio_segment:35 - Temporary file deleted: temp_segment.wav
2025-02-22 02:48:41 | INFO | transcription:transcribe_audio_segment:39 - Transcription successful:  I have a guarantee it says you must give me a ref...
2025-02-22 02:48:41 | INFO | transcription:transcribe_audio_segment:12 - Starting transcription for file: tinlin.mp3
2025-02-22 02:48:41 | INFO | transcription:transcribe_audio_segment:20 - Extracted segment from 37.05471875s to 41.610968750000005s
2025-02-22 02:48:41 | INFO | transcription:transcribe_audio_segment:28 - Temporary WAV file created: temp_segment.wav
2025-02-22 02:48:42 | INFO | transcription:transcribe_audio_segment:35 - Temporary file deleted: temp_segment.wav
2025-02-22 02:48:42 | INFO | transcription:transcribe_audio_segment:39 - Transcription successful:  No, no, no! Reef on the headphones now!...
2025-02-22 10:02:51 | INFO | speaker_diarization:diarize:14 - Starting speaker diarization for file: tinlin.mp3
2025-02-22 10:03:01 | INFO | speaker_diarization:diarize:22 - Pipeline loaded and moved to cpu
2025-02-22 10:04:22 | INFO | speaker_diarization:diarize:34 - Identified 5 speaker segments
2025-02-22 10:04:22 | WARNING | speaker_diarization:diarize:64 - Speaking ratio: N/A (only one speaker detected)
2025-02-22 10:04:22 | INFO | speaker_diarization:diarize:65 - Interruptions count: 0
2025-02-22 10:04:22 | INFO | speaker_diarization:diarize:66 - Time to first token: 0.03096875
2025-02-22 10:04:22 | INFO | transcription:transcribe_audio_segment:12 - Starting transcription for file: tinlin.mp3
2025-02-22 10:04:25 | INFO | transcription:transcribe_audio_segment:23 - Using full audio file for transcription.
2025-02-22 10:04:25 | INFO | transcription:transcribe_audio_segment:28 - Temporary WAV file created: temp_segment.wav
2025-02-22 10:04:28 | INFO | transcription:transcribe_audio_segment:35 - Temporary file deleted: temp_segment.wav
2025-02-22 10:04:28 | INFO | transcription:transcribe_audio_segment:39 - Transcription successful:  Hello, refund the headphones, okay? Listen to you...
2025-02-22 10:04:28 | INFO | pii_check:check_pii:22 - Starting PII detection.
2025-02-22 10:04:28 | INFO | pii_check:check_pii:38 - No PII detected in the transcribed text.
2025-02-22 10:04:28 | INFO | profanity_check:check_profanity:11 - Starting profanity check.
2025-02-22 10:04:29 | WARNING | profanity_check:check_profanity:17 - Profanity detected in the text.
2025-02-22 10:04:29 | INFO | required_phrases:check_required_phrases:17 - Starting required phrases check.
2025-02-22 10:04:29 | INFO | required_phrases:check_required_phrases:26 - Required phrases found: ['hello']
2025-02-22 10:04:29 | INFO | categorize_call:categorize:18 - Starting call categorization.
2025-02-22 10:04:29 | INFO | categorize_call:categorize:27 - Detected category counts: {'Billing Issues': 1, 'Complaints': 1}
2025-02-22 10:04:29 | INFO | categorize_call:categorize:36 - Categorized call as: Billing Issues
2025-02-22 10:04:29 | INFO | sentiment_analysis:analyse_sentiment:17 - Starting sentiment analysis.
2025-02-22 10:04:29 | INFO | sentiment_analysis:analyse_sentiment:23 - Sentiment Analysis Results - Polarity: -0.03, Subjectivity: 0.48
2025-02-22 10:04:29 | INFO | transcription:transcribe_audio_segment:12 - Starting transcription for file: tinlin.mp3
2025-02-22 10:04:29 | INFO | transcription:transcribe_audio_segment:20 - Extracted segment from 0.03096875s to 2.5115937500000003s
2025-02-22 10:04:29 | INFO | transcription:transcribe_audio_segment:28 - Temporary WAV file created: temp_segment.wav
2025-02-22 10:04:30 | INFO | transcription:transcribe_audio_segment:35 - Temporary file deleted: temp_segment.wav
2025-02-22 10:04:30 | INFO | transcription:transcribe_audio_segment:39 - Transcription successful:  Hello, refund the headphones, okay?...
2025-02-22 10:04:30 | INFO | transcription:transcribe_audio_segment:12 - Starting transcription for file: tinlin.mp3
2025-02-22 10:04:30 | INFO | transcription:transcribe_audio_segment:20 - Extracted segment from 4.334093750000001s to 12.079718750000001s
2025-02-22 10:04:30 | INFO | transcription:transcribe_audio_segment:28 - Temporary WAV file created: temp_segment.wav
2025-02-22 10:04:31 | INFO | transcription:transcribe_audio_segment:35 - Temporary file deleted: temp_segment.wav
2025-02-22 10:04:31 | INFO | transcription:transcribe_audio_segment:39 - Transcription successful:  Listen here buddy, my sister wants her stupid hea...
2025-02-22 10:04:31 | INFO | transcription:transcribe_audio_segment:12 - Starting transcription for file: tinlin.mp3
2025-02-22 10:04:31 | INFO | transcription:transcribe_audio_segment:20 - Extracted segment from 13.379093750000003s to 20.550968750000003s
2025-02-22 10:04:31 | INFO | transcription:transcribe_audio_segment:28 - Temporary WAV file created: temp_segment.wav
2025-02-22 10:04:32 | INFO | transcription:transcribe_audio_segment:35 - Temporary file deleted: temp_segment.wav
2025-02-22 10:04:32 | INFO | transcription:transcribe_audio_segment:39 - Transcription successful:  Can you put the manager on please? Is this the ma...
2025-02-22 10:04:32 | INFO | transcription:transcribe_audio_segment:12 - Starting transcription for file: tinlin.mp3
2025-02-22 10:04:33 | INFO | transcription:transcribe_audio_segment:20 - Extracted segment from 21.20909375s to 36.41346875s
2025-02-22 10:04:33 | INFO | transcription:transcribe_audio_segment:28 - Temporary WAV file created: temp_segment.wav
2025-02-22 10:04:34 | INFO | transcription:transcribe_audio_segment:35 - Temporary file deleted: temp_segment.wav
2025-02-22 10:04:34 | INFO | transcription:transcribe_audio_segment:39 - Transcription successful:  I have a guarantee it says you must give me a ref...
2025-02-22 10:04:34 | INFO | transcription:transcribe_audio_segment:12 - Starting transcription for file: tinlin.mp3
2025-02-22 10:04:35 | INFO | transcription:transcribe_audio_segment:20 - Extracted segment from 37.05471875s to 41.610968750000005s
2025-02-22 10:04:35 | INFO | transcription:transcribe_audio_segment:28 - Temporary WAV file created: temp_segment.wav
2025-02-22 10:04:36 | INFO | transcription:transcribe_audio_segment:35 - Temporary file deleted: temp_segment.wav
2025-02-22 10:04:36 | INFO | transcription:transcribe_audio_segment:39 - Transcription successful:  No, no, no! Reef on the headphones now!...
2025-02-22 10:08:19 | INFO | speaker_diarization:diarize:14 - Starting speaker diarization for file: tinlin.mp3
2025-02-22 10:08:28 | INFO | speaker_diarization:diarize:22 - Pipeline loaded and moved to cpu
2025-02-22 10:09:46 | INFO | speaker_diarization:diarize:34 - Identified 5 speaker segments
2025-02-22 10:09:46 | WARNING | speaker_diarization:diarize:64 - Speaking ratio: N/A (only one speaker detected)
2025-02-22 10:09:46 | INFO | speaker_diarization:diarize:65 - Interruptions count: 0
2025-02-22 10:09:46 | INFO | speaker_diarization:diarize:66 - Time to first token: 0.03096875
2025-02-22 10:09:46 | INFO | transcription:transcribe_audio_segment:12 - Starting transcription for file: tinlin.mp3
2025-02-22 10:09:47 | INFO | transcription:transcribe_audio_segment:23 - Using full audio file for transcription.
2025-02-22 10:09:47 | INFO | transcription:transcribe_audio_segment:28 - Temporary WAV file created: temp_segment.wav
2025-02-22 10:09:50 | INFO | transcription:transcribe_audio_segment:35 - Temporary file deleted: temp_segment.wav
2025-02-22 10:09:50 | INFO | transcription:transcribe_audio_segment:39 - Transcription successful:  Hello, refund the headphones, okay? Listen to you...
2025-02-22 10:09:50 | INFO | pii_check:check_pii:22 - Starting PII detection.
2025-02-22 10:09:50 | INFO | pii_check:check_pii:38 - No PII detected in the transcribed text.
2025-02-22 10:09:50 | INFO | profanity_check:check_profanity:11 - Starting profanity check.
2025-02-22 10:09:50 | WARNING | profanity_check:check_profanity:17 - Profanity detected in the text.
2025-02-22 10:09:50 | INFO | required_phrases:check_required_phrases:17 - Starting required phrases check.
2025-02-22 10:09:50 | INFO | required_phrases:check_required_phrases:26 - Required phrases found: ['hello']
2025-02-22 10:09:50 | INFO | categorize_call:categorize:18 - Starting call categorization.
2025-02-22 10:09:50 | INFO | categorize_call:categorize:27 - Detected category counts: {'Billing Issues': 1, 'Complaints': 1}
2025-02-22 10:09:50 | INFO | categorize_call:categorize:36 - Categorized call as: Billing Issues
2025-02-22 10:09:50 | INFO | sentiment_analysis:analyse_sentiment:17 - Starting sentiment analysis.
2025-02-22 10:09:50 | INFO | sentiment_analysis:analyse_sentiment:23 - Sentiment Analysis Results - Polarity: -0.03, Subjectivity: 0.48
2025-02-22 10:09:50 | INFO | transcription:transcribe_audio_segment:12 - Starting transcription for file: tinlin.mp3
2025-02-22 10:09:51 | INFO | transcription:transcribe_audio_segment:20 - Extracted segment from 0.03096875s to 2.5115937500000003s
2025-02-22 10:09:51 | INFO | transcription:transcribe_audio_segment:28 - Temporary WAV file created: temp_segment.wav
2025-02-22 10:09:52 | INFO | transcription:transcribe_audio_segment:35 - Temporary file deleted: temp_segment.wav
2025-02-22 10:09:52 | INFO | transcription:transcribe_audio_segment:39 - Transcription successful:  Hello, refund the headphones, okay?...
2025-02-22 10:09:52 | INFO | transcription:transcribe_audio_segment:12 - Starting transcription for file: tinlin.mp3
2025-02-22 10:09:52 | INFO | transcription:transcribe_audio_segment:20 - Extracted segment from 4.334093750000001s to 12.079718750000001s
2025-02-22 10:09:52 | INFO | transcription:transcribe_audio_segment:28 - Temporary WAV file created: temp_segment.wav
2025-02-22 10:09:53 | INFO | transcription:transcribe_audio_segment:35 - Temporary file deleted: temp_segment.wav
2025-02-22 10:09:53 | INFO | transcription:transcribe_audio_segment:39 - Transcription successful:  Listen here buddy, my sister wants her stupid hea...
2025-02-22 10:09:53 | INFO | transcription:transcribe_audio_segment:12 - Starting transcription for file: tinlin.mp3
2025-02-22 10:09:53 | INFO | transcription:transcribe_audio_segment:20 - Extracted segment from 13.379093750000003s to 20.550968750000003s
2025-02-22 10:09:53 | INFO | transcription:transcribe_audio_segment:28 - Temporary WAV file created: temp_segment.wav
2025-02-22 10:09:55 | INFO | transcription:transcribe_audio_segment:35 - Temporary file deleted: temp_segment.wav
2025-02-22 10:09:55 | INFO | transcription:transcribe_audio_segment:39 - Transcription successful:  Can you put the manager on please? Is this the ma...
2025-02-22 10:09:55 | INFO | transcription:transcribe_audio_segment:12 - Starting transcription for file: tinlin.mp3
2025-02-22 10:09:55 | INFO | transcription:transcribe_audio_segment:20 - Extracted segment from 21.20909375s to 36.41346875s
2025-02-22 10:09:55 | INFO | transcription:transcribe_audio_segment:28 - Temporary WAV file created: temp_segment.wav
2025-02-22 10:09:57 | INFO | transcription:transcribe_audio_segment:35 - Temporary file deleted: temp_segment.wav
2025-02-22 10:09:57 | INFO | transcription:transcribe_audio_segment:39 - Transcription successful:  I have a guarantee it says you must give me a ref...
2025-02-22 10:09:57 | INFO | transcription:transcribe_audio_segment:12 - Starting transcription for file: tinlin.mp3
2025-02-22 10:09:57 | INFO | transcription:transcribe_audio_segment:20 - Extracted segment from 37.05471875s to 41.610968750000005s
2025-02-22 10:09:57 | INFO | transcription:transcribe_audio_segment:28 - Temporary WAV file created: temp_segment.wav
2025-02-22 10:09:58 | INFO | transcription:transcribe_audio_segment:35 - Temporary file deleted: temp_segment.wav
2025-02-22 10:09:58 | INFO | transcription:transcribe_audio_segment:39 - Transcription successful:  No, no, no! Reef on the headphones now!...
2025-02-22 10:09:58 | INFO | speaker_speed:calculate_speaking_speed:52 - Calculated Speaking Speeds: {'SPEAKER_00': 158.23998385306285}
2025-02-22 10:10:37 | INFO | speaker_diarization:diarize:14 - Starting speaker diarization for file: tinlin.mp3
2025-02-22 10:10:45 | INFO | speaker_diarization:diarize:22 - Pipeline loaded and moved to cpu
2025-02-22 10:12:04 | INFO | speaker_diarization:diarize:34 - Identified 5 speaker segments
2025-02-22 10:12:04 | WARNING | speaker_diarization:diarize:64 - Speaking ratio: N/A (only one speaker detected)
2025-02-22 10:12:04 | INFO | speaker_diarization:diarize:65 - Interruptions count: 0
2025-02-22 10:12:04 | INFO | speaker_diarization:diarize:66 - Time to first token: 0.03096875
2025-02-22 10:12:04 | INFO | transcription:transcribe_audio_segment:12 - Starting transcription for file: tinlin.mp3
2025-02-22 10:12:05 | INFO | transcription:transcribe_audio_segment:23 - Using full audio file for transcription.
2025-02-22 10:12:05 | INFO | transcription:transcribe_audio_segment:28 - Temporary WAV file created: temp_segment.wav
2025-02-22 10:12:08 | INFO | transcription:transcribe_audio_segment:35 - Temporary file deleted: temp_segment.wav
2025-02-22 10:12:08 | INFO | transcription:transcribe_audio_segment:39 - Transcription successful:  Hello, refund the headphones, okay? Listen to you...
2025-02-22 10:12:08 | INFO | pii_check:check_pii:22 - Starting PII detection.
2025-02-22 10:12:08 | INFO | pii_check:check_pii:38 - No PII detected in the transcribed text.
2025-02-22 10:12:08 | INFO | profanity_check:check_profanity:11 - Starting profanity check.
2025-02-22 10:12:08 | WARNING | profanity_check:check_profanity:17 - Profanity detected in the text.
2025-02-22 10:12:08 | INFO | required_phrases:check_required_phrases:17 - Starting required phrases check.
2025-02-22 10:12:08 | INFO | required_phrases:check_required_phrases:26 - Required phrases found: ['hello']
2025-02-22 10:12:08 | INFO | categorize_call:categorize:18 - Starting call categorization.
2025-02-22 10:12:08 | INFO | categorize_call:categorize:27 - Detected category counts: {'Billing Issues': 1, 'Complaints': 1}
2025-02-22 10:12:08 | INFO | categorize_call:categorize:36 - Categorized call as: Billing Issues
2025-02-22 10:12:08 | INFO | sentiment_analysis:analyse_sentiment:17 - Starting sentiment analysis.
2025-02-22 10:12:08 | INFO | sentiment_analysis:analyse_sentiment:23 - Sentiment Analysis Results - Polarity: -0.03, Subjectivity: 0.48
2025-02-22 10:12:08 | INFO | transcription:transcribe_audio_segment:12 - Starting transcription for file: tinlin.mp3
2025-02-22 10:12:08 | INFO | transcription:transcribe_audio_segment:20 - Extracted segment from 0.03096875s to 2.5115937500000003s
2025-02-22 10:12:08 | INFO | transcription:transcribe_audio_segment:28 - Temporary WAV file created: temp_segment.wav
2025-02-22 10:12:09 | INFO | transcription:transcribe_audio_segment:35 - Temporary file deleted: temp_segment.wav
2025-02-22 10:12:09 | INFO | transcription:transcribe_audio_segment:39 - Transcription successful:  Hello, refund the headphones, okay?...
2025-02-22 10:12:09 | INFO | transcription:transcribe_audio_segment:12 - Starting transcription for file: tinlin.mp3
2025-02-22 10:12:09 | INFO | transcription:transcribe_audio_segment:20 - Extracted segment from 4.334093750000001s to 12.079718750000001s
2025-02-22 10:12:09 | INFO | transcription:transcribe_audio_segment:28 - Temporary WAV file created: temp_segment.wav
2025-02-22 10:12:11 | INFO | transcription:transcribe_audio_segment:35 - Temporary file deleted: temp_segment.wav
2025-02-22 10:12:11 | INFO | transcription:transcribe_audio_segment:39 - Transcription successful:  Listen here buddy, my sister wants her stupid hea...
2025-02-22 10:12:11 | INFO | transcription:transcribe_audio_segment:12 - Starting transcription for file: tinlin.mp3
2025-02-22 10:12:11 | INFO | transcription:transcribe_audio_segment:20 - Extracted segment from 13.379093750000003s to 20.550968750000003s
2025-02-22 10:12:11 | INFO | transcription:transcribe_audio_segment:28 - Temporary WAV file created: temp_segment.wav
2025-02-22 10:12:12 | INFO | transcription:transcribe_audio_segment:35 - Temporary file deleted: temp_segment.wav
2025-02-22 10:12:12 | INFO | transcription:transcribe_audio_segment:39 - Transcription successful:  Can you put the manager on please? Is this the ma...
2025-02-22 10:12:12 | INFO | transcription:transcribe_audio_segment:12 - Starting transcription for file: tinlin.mp3
2025-02-22 10:12:12 | INFO | transcription:transcribe_audio_segment:20 - Extracted segment from 21.20909375s to 36.41346875s
2025-02-22 10:12:12 | INFO | transcription:transcribe_audio_segment:28 - Temporary WAV file created: temp_segment.wav
2025-02-22 10:12:14 | INFO | transcription:transcribe_audio_segment:35 - Temporary file deleted: temp_segment.wav
2025-02-22 10:12:14 | INFO | transcription:transcribe_audio_segment:39 - Transcription successful:  I have a guarantee it says you must give me a ref...
2025-02-22 10:12:14 | INFO | transcription:transcribe_audio_segment:12 - Starting transcription for file: tinlin.mp3
2025-02-22 10:12:14 | INFO | transcription:transcribe_audio_segment:20 - Extracted segment from 37.05471875s to 41.610968750000005s
2025-02-22 10:12:14 | INFO | transcription:transcribe_audio_segment:28 - Temporary WAV file created: temp_segment.wav
2025-02-22 10:12:15 | INFO | transcription:transcribe_audio_segment:35 - Temporary file deleted: temp_segment.wav
2025-02-22 10:12:15 | INFO | transcription:transcribe_audio_segment:39 - Transcription successful:  No, no, no! Reef on the headphones now!...
2025-02-22 10:12:15 | INFO | speaker_speed:calculate_speaking_speed:52 - Calculated Speaking Speeds: {'SPEAKER_00': 158.23998385306285}
2025-02-22 10:12:15 | INFO | main:main:120 - speed detection function done
2025-02-22 10:18:44 | INFO | speaker_diarization:diarize:14 - Starting speaker diarization for file: tinlin.mp3
2025-02-22 10:18:52 | INFO | speaker_diarization:diarize:22 - Pipeline loaded and moved to cpu
2025-02-22 10:20:09 | INFO | speaker_diarization:diarize:34 - Identified 5 speaker segments
2025-02-22 10:20:09 | WARNING | speaker_diarization:diarize:64 - Speaking ratio: N/A (only one speaker detected)
2025-02-22 10:20:09 | INFO | speaker_diarization:diarize:65 - Interruptions count: 0
2025-02-22 10:20:09 | INFO | speaker_diarization:diarize:66 - Time to first token: 0.03096875
2025-02-22 10:20:09 | INFO | main:main:37 - diarization function done
2025-02-22 10:20:09 | INFO | transcription:transcribe_audio_segment:12 - Starting transcription for file: tinlin.mp3
2025-02-22 10:20:09 | INFO | transcription:transcribe_audio_segment:23 - Using full audio file for transcription.
2025-02-22 10:20:09 | INFO | transcription:transcribe_audio_segment:28 - Temporary WAV file created: temp_segment.wav
2025-02-22 10:20:13 | INFO | transcription:transcribe_audio_segment:35 - Temporary file deleted: temp_segment.wav
2025-02-22 10:20:13 | INFO | transcription:transcribe_audio_segment:39 - Transcription successful:  Hello, refund the headphones, okay? Listen to you...
2025-02-22 10:20:13 | INFO | main:main:44 - transcription function done
2025-02-22 10:20:13 | INFO | pii_check:check_pii:22 - Starting PII detection.
2025-02-22 10:20:13 | INFO | pii_check:check_pii:38 - No PII detected in the transcribed text.
2025-02-22 10:20:13 | INFO | main:main:59 - PII check function done
2025-02-22 10:20:13 | INFO | profanity_check:check_profanity:11 - Starting profanity check.
2025-02-22 10:20:13 | WARNING | profanity_check:check_profanity:17 - Profanity detected in the text.
2025-02-22 10:20:13 | INFO | main:main:70 - Profanity function done
2025-02-22 10:20:13 | INFO | required_phrases:check_required_phrases:17 - Starting required phrases check.
2025-02-22 10:20:13 | INFO | required_phrases:check_required_phrases:26 - Required phrases found: ['hello']
2025-02-22 10:20:13 | INFO | main:main:80 - required phrase function done
2025-02-22 10:20:13 | INFO | categorize_call:categorize:18 - Starting call categorization.
2025-02-22 10:20:13 | INFO | categorize_call:categorize:27 - Detected category counts: {'Billing Issues': 1, 'Complaints': 1}
2025-02-22 10:20:13 | INFO | categorize_call:categorize:36 - Categorized call as: Billing Issues
2025-02-22 10:20:13 | INFO | main:main:90 - categorization fucntion done
2025-02-22 10:20:13 | INFO | sentiment_analysis:analyse_sentiment:17 - Starting sentiment analysis.
2025-02-22 10:20:13 | INFO | sentiment_analysis:analyse_sentiment:23 - Sentiment Analysis Results - Polarity: -0.03, Subjectivity: 0.48
2025-02-22 10:20:13 | INFO | main:main:101 - sentiment analysis function done
2025-02-22 10:20:13 | INFO | transcription:transcribe_audio_segment:12 - Starting transcription for file: tinlin.mp3
2025-02-22 10:20:13 | INFO | transcription:transcribe_audio_segment:20 - Extracted segment from 0.03096875s to 2.5115937500000003s
2025-02-22 10:20:13 | INFO | transcription:transcribe_audio_segment:28 - Temporary WAV file created: temp_segment.wav
2025-02-22 10:20:14 | INFO | transcription:transcribe_audio_segment:35 - Temporary file deleted: temp_segment.wav
2025-02-22 10:20:14 | INFO | transcription:transcribe_audio_segment:39 - Transcription successful:  Hello, refund the headphones, okay?...
2025-02-22 10:20:14 | INFO | transcription:transcribe_audio_segment:12 - Starting transcription for file: tinlin.mp3
2025-02-22 10:20:14 | INFO | transcription:transcribe_audio_segment:20 - Extracted segment from 4.334093750000001s to 12.079718750000001s
2025-02-22 10:20:14 | INFO | transcription:transcribe_audio_segment:28 - Temporary WAV file created: temp_segment.wav
2025-02-22 10:20:16 | INFO | transcription:transcribe_audio_segment:35 - Temporary file deleted: temp_segment.wav
2025-02-22 10:20:16 | INFO | transcription:transcribe_audio_segment:39 - Transcription successful:  Listen here buddy, my sister wants her stupid hea...
2025-02-22 10:20:16 | INFO | transcription:transcribe_audio_segment:12 - Starting transcription for file: tinlin.mp3
2025-02-22 10:20:16 | INFO | transcription:transcribe_audio_segment:20 - Extracted segment from 13.379093750000003s to 20.550968750000003s
2025-02-22 10:20:16 | INFO | transcription:transcribe_audio_segment:28 - Temporary WAV file created: temp_segment.wav
2025-02-22 10:20:17 | INFO | transcription:transcribe_audio_segment:35 - Temporary file deleted: temp_segment.wav
2025-02-22 10:20:17 | INFO | transcription:transcribe_audio_segment:39 - Transcription successful:  Can you put the manager on please? Is this the ma...
2025-02-22 10:20:17 | INFO | transcription:transcribe_audio_segment:12 - Starting transcription for file: tinlin.mp3
2025-02-22 10:20:17 | INFO | transcription:transcribe_audio_segment:20 - Extracted segment from 21.20909375s to 36.41346875s
2025-02-22 10:20:17 | INFO | transcription:transcribe_audio_segment:28 - Temporary WAV file created: temp_segment.wav
2025-02-22 10:20:19 | INFO | transcription:transcribe_audio_segment:35 - Temporary file deleted: temp_segment.wav
2025-02-22 10:20:19 | INFO | transcription:transcribe_audio_segment:39 - Transcription successful:  I have a guarantee it says you must give me a ref...
2025-02-22 10:20:19 | INFO | transcription:transcribe_audio_segment:12 - Starting transcription for file: tinlin.mp3
2025-02-22 10:20:19 | INFO | transcription:transcribe_audio_segment:20 - Extracted segment from 37.05471875s to 41.610968750000005s
2025-02-22 10:20:19 | INFO | transcription:transcribe_audio_segment:28 - Temporary WAV file created: temp_segment.wav
2025-02-22 10:20:20 | INFO | transcription:transcribe_audio_segment:35 - Temporary file deleted: temp_segment.wav
2025-02-22 10:20:20 | INFO | transcription:transcribe_audio_segment:39 - Transcription successful:  No, no, no! Reef on the headphones now!...
2025-02-22 10:20:20 | INFO | speaker_speed:calculate_speaking_speed:52 - Calculated Speaking Speeds: {'SPEAKER_00': 158.23998385306285}
2025-02-22 10:20:20 | INFO | main:main:117 - speed detection function done
